#
# There is insufficient memory for the Java Runtime Environment to continue.
# Native memory allocation (mmap) failed to map 65536 bytes for Failed to commit metaspace.
# Possible reasons:
#   The system is out of physical RAM or swap space
#   The process is running with CompressedOops enabled, and the Java Heap may be blocking the growth of the native heap
# Possible solutions:
#   Reduce memory load on the system
#   Increase physical memory or swap space
#   Check if swap backing store is full
#   Decrease Java heap size (-Xmx/-Xms)
#   Decrease number of Java threads
#   Decrease Java thread stack sizes (-Xss)
#   Set larger code cache with -XX:ReservedCodeCacheSize=
#   JVM is running with Unscaled Compressed Oops mode in which the Java heap is
#     placed in the first 4GB address space. The Java Heap base address is the
#     maximum limit for the native heap growth. Please use -XX:HeapBaseMinAddress
#     to set the Java Heap base and to place the Java Heap above 4GB virtual address.
# This output file may be truncated or incomplete.
#
#  Out of Memory Error (virtualSpaceNode.cpp:110), pid=16184, tid=14664
#
# JRE version: Java(TM) SE Runtime Environment (18.0.2.1+1) (build 18.0.2.1+1-1)
# Java VM: Java HotSpot(TM) 64-Bit Server VM (18.0.2.1+1-1, mixed mode, sharing, tiered, compressed oops, compressed class ptrs, g1 gc, windows-amd64)
# No core dump will be written. Minidumps are not enabled by default on client versions of Windows
#

---------------  S U M M A R Y ------------

Command Line: -Dfile.encoding=UTF-8 -XX:+ShowCodeDetailsInExceptionMessages Cal

Host: Intel(R) Celeron(R) CPU  N3160  @ 1.60GHz, 4 cores, 3G,  Windows 10 , 64 bit Build 19041 (10.0.19041.1889)
Time: Sat Nov  5 17:02:15 2022 Taipei Standard Time elapsed time: 0.898711 seconds (0d 0h 0m 0s)

---------------  T H R E A D  ---------------

Current thread (0x000001f16eaad750):  JavaThread "main" [_thread_in_vm, id=14664, stack(0x00000029f8100000,0x00000029f8200000)]

Stack: [0x00000029f8100000,0x00000029f8200000]
Native frames: (J=compiled Java code, j=interpreted, Vv=VM code, C=native code)
V  [jvm.dll+0x6993aa]
V  [jvm.dll+0x7f46dd]
V  [jvm.dll+0x7f5fee]
V  [jvm.dll+0x7f66a3]
V  [jvm.dll+0x25cf1f]
V  [jvm.dll+0x7f03eb]
V  [jvm.dll+0x63f526]
V  [jvm.dll+0x1d75ce]
V  [jvm.dll+0x641ecb]
V  [jvm.dll+0x641cce]
V  [jvm.dll+0x63feee]
V  [jvm.dll+0x38e1f2]
V  [jvm.dll+0x1fa60b]
V  [jvm.dll+0x55dc2e]
V  [jvm.dll+0x76e943]
V  [jvm.dll+0x76ea24]
V  [jvm.dll+0x42d7b4]
V  [jvm.dll+0x4334bf]
C  [java.dll+0x17ec]

Java frames: (J=compiled Java code, j=interpreted, Vv=VM code)
j  java.lang.ClassLoader.defineClass1(Ljava/lang/ClassLoader;Ljava/lang/String;[BIILjava/security/ProtectionDomain;Ljava/lang/String;)Ljava/lang/Class;+0 java.base@18.0.2.1
j  java.lang.ClassLoader.defineClass(Ljava/lang/String;[BIILjava/security/ProtectionDomain;)Ljava/lang/Class;+27 java.base@18.0.2.1
j  java.security.SecureClassLoader.defineClass(Ljava/lang/String;[BIILjava/security/CodeSource;)Ljava/lang/Class;+12 java.base@18.0.2.1
j  jdk.internal.loader.BuiltinClassLoader.defineClass(Ljava/lang/String;Ljdk/internal/loader/Resource;)Ljava/lang/Class;+117 java.base@18.0.2.1
j  jdk.internal.loader.BuiltinClassLoader.findClassOnClassPathOrNull(Ljava/lang/String;)Ljava/lang/Class;+37 java.base@18.0.2.1
j  jdk.internal.loader.BuiltinClassLoader.loadClassOrNull(Ljava/lang/String;Z)Ljava/lang/Class;+111 java.base@18.0.2.1
j  jdk.internal.loader.BuiltinClassLoader.loadClass(Ljava/lang/String;Z)Ljava/lang/Class;+3 java.base@18.0.2.1
j  jdk.internal.loader.ClassLoaders$AppClassLoader.loadClass(Ljava/lang/String;Z)Ljava/lang/Class;+36 java.base@18.0.2.1
j  java.lang.ClassLoader.loadClass(Ljava/lang/String;)Ljava/lang/Class;+3 java.base@18.0.2.1
v  ~StubRoutines::call_stub
j  java.lang.Class.forName0(Ljava/lang/String;ZLjava/lang/ClassLoader;Ljava/lang/Class;)Ljava/lang/Class;+0 java.base@18.0.2.1
j  java.lang.Class.forName(Ljava/lang/String;ZLjava/lang/ClassLoader;Ljava/lang/Class;)Ljava/lang/Class;+37 java.base@18.0.2.1
j  java.lang.Class.forName(Ljava/lang/String;ZLjava/lang/ClassLoader;)Ljava/lang/Class;+20 java.base@18.0.2.1
j  sun.launcher.LauncherHelper.loadMainClass(ILjava/lang/String;)Ljava/lang/Class;+95 java.base@18.0.2.1
j  sun.launcher.LauncherHelper.checkAndLoadMain(ZILjava/lang/String;)Ljava/lang/Class;+42 java.base@18.0.2.1
v  ~StubRoutines::call_stub

---------------  P R O C E S S  ---------------

Threads class SMR info:
_java_thread_list=0x000001f17f01d320, length=12, elements={
0x000001f16eaad750, 0x000001f17ac57110, 0x000001f17ac58920, 0x000001f17ac71820,
0x000001f17ac730e0, 0x000001f17ac73990, 0x000001f17ac74240, 0x000001f17ac74e20,
0x000001f17ace1a70, 0x000001f17ace6730, 0x000001f17f039f10, 0x000001f17f040c10
}

Java Threads: ( => current thread )
=>0x000001f16eaad750 JavaThread "main" [_thread_in_vm, id=14664, stack(0x00000029f8100000,0x00000029f8200000)]
  0x000001f17ac57110 JavaThread "Reference Handler" daemon [_thread_blocked, id=17976, stack(0x00000029f8800000,0x00000029f8900000)]
  0x000001f17ac58920 JavaThread "Finalizer" daemon [_thread_blocked, id=17624, stack(0x00000029f8900000,0x00000029f8a00000)]
  0x000001f17ac71820 JavaThread "Signal Dispatcher" daemon [_thread_blocked, id=17628, stack(0x00000029f8a00000,0x00000029f8b00000)]
  0x000001f17ac730e0 JavaThread "Attach Listener" daemon [_thread_blocked, id=17632, stack(0x00000029f8b00000,0x00000029f8c00000)]
  0x000001f17ac73990 JavaThread "Service Thread" daemon [_thread_blocked, id=17636, stack(0x00000029f8c00000,0x00000029f8d00000)]
  0x000001f17ac74240 JavaThread "Monitor Deflation Thread" daemon [_thread_blocked, id=17912, stack(0x00000029f8d00000,0x00000029f8e00000)]
  0x000001f17ac74e20 JavaThread "C2 CompilerThread0" daemon [_thread_blocked, id=15524, stack(0x00000029f8e00000,0x00000029f8f00000)]
  0x000001f17ace1a70 JavaThread "C1 CompilerThread0" daemon [_thread_blocked, id=17980, stack(0x00000029f8f00000,0x00000029f9000000)]
  0x000001f17ace6730 JavaThread "Sweeper thread" daemon [_thread_blocked, id=17984, stack(0x00000029f9000000,0x00000029f9100000)]
  0x000001f17f039f10 JavaThread "Notification Thread" daemon [_thread_blocked, id=18348, stack(0x00000029f9100000,0x00000029f9200000)]
  0x000001f17f040c10 JavaThread "Common-Cleaner" daemon [_thread_blocked, id=18196, stack(0x00000029f9300000,0x00000029f9400000)]

Other Threads:
  0x000001f17ac52820 VMThread "VM Thread" [stack: 0x00000029f8700000,0x00000029f8800000] [id=17972]
  0x000001f17f03c3e0 WatcherThread "VM Periodic Task Thread" [stack: 0x00000029f9200000,0x00000029f9300000] [id=18336]
  0x000001f16eaedfe0 WorkerThread "GC Thread#0" [stack: 0x00000029f8200000,0x00000029f8300000] [id=15220]
  0x000001f16eaf7b30 ConcurrentGCThread "G1 Main Marker" [stack: 0x00000029f8300000,0x00000029f8400000] [id=17060]
  0x000001f16eaf8bd0 WorkerThread "G1 Conc#0" [stack: 0x00000029f8400000,0x00000029f8500000] [id=1308]
  0x000001f16eb20e00 ConcurrentGCThread "G1 Refine#0" [stack: 0x00000029f8500000,0x00000029f8600000] [id=13824]
  0x000001f16eb21dc0 ConcurrentGCThread "G1 Service" [stack: 0x00000029f8600000,0x00000029f8700000] [id=17536]

Threads with active compile tasks:

VM state: not at safepoint (normal execution)

VM Mutex/Monitor currently owned by a thread:  ([mutex/lock_event])
[0x000001f16eaa6470] Metaspace_lock - owner thread: 0x000001f16eaad750

Heap address: 0x00000000c1800000, size: 1000 MB, Compressed Oops mode: 32-bit

CDS archive(s) mapped at: [0x0000000800000000-0x0000000800ba0000-0x0000000800ba0000), size 12189696, SharedBaseAddress: 0x0000000800000000, ArchiveRelocationMode: 0.
Compressed class space mapped at: 0x0000000800c00000-0x0000000840c00000, reserved size: 1073741824
Narrow klass base: 0x0000000800000000, Narrow klass shift: 0, Narrow klass range: 0x100000000

GC Precious Log:
 CardTable entry size: 512
 Card Set container configuration: InlinePtr #cards 5 size 8 Array Of Cards #cards 12 size 40 Howl #buckets 4 coarsen threshold 1843 Howl Bitmap #cards 512 size 80 coarsen threshold 460 Card regions per heap region 1 cards per card region 2048
 CPUs: 4 total, 4 available
 Memory: 3994M
 Large Page Support: Disabled
 NUMA Support: Disabled
 Compressed Oops: Enabled (32-bit)
 Heap Region Size: 1M
 Heap Min Capacity: 8M
 Heap Initial Capacity: 64M
 Heap Max Capacity: 1000M
 Pre-touch: Disabled
 Parallel Workers: 4
 Concurrent Workers: 1
 Concurrent Refinement Workers: 4
 Periodic GC: Disabled

Heap:
 garbage-first heap   total 65536K, used 1024K [0x00000000c1800000, 0x0000000100000000)
  region size 1024K, 2 young (2048K), 0 survivors (0K)
 Metaspace       used 139K, committed 320K, reserved 1114112K
  class space    used 4K, committed 64K, reserved 1048576K

Heap Regions: E=young(eden), S=young(survivor), O=old, HS=humongous(starts), HC=humongous(continues), CS=collection set, F=free, OA=open archive, CA=closed archive, TAMS=top-at-mark-start (previous, next)
|   0|0x00000000c1800000, 0x00000000c1800000, 0x00000000c1900000|  0%| F|  |TAMS 0x00000000c1800000, 0x00000000c1800000| Untracked 
|   1|0x00000000c1900000, 0x00000000c1900000, 0x00000000c1a00000|  0%| F|  |TAMS 0x00000000c1900000, 0x00000000c1900000| Untracked 
|   2|0x00000000c1a00000, 0x00000000c1a00000, 0x00000000c1b00000|  0%| F|  |TAMS 0x00000000c1a00000, 0x00000000c1a00000| Untracked 
|   3|0x00000000c1b00000, 0x00000000c1b00000, 0x00000000c1c00000|  0%| F|  |TAMS 0x00000000c1b00000, 0x00000000c1b00000| Untracked 
|   4|0x00000000c1c00000, 0x00000000c1c00000, 0x00000000c1d00000|  0%| F|  |TAMS 0x00000000c1c00000, 0x00000000c1c00000| Untracked 
|   5|0x00000000c1d00000, 0x00000000c1d00000, 0x00000000c1e00000|  0%| F|  |TAMS 0x00000000c1d00000, 0x00000000c1d00000| Untracked 
|   6|0x00000000c1e00000, 0x00000000c1e00000, 0x00000000c1f00000|  0%| F|  |TAMS 0x00000000c1e00000, 0x00000000c1e00000| Untracked 
|   7|0x00000000c1f00000, 0x00000000c1f00000, 0x00000000c2000000|  0%| F|  |TAMS 0x00000000c1f00000, 0x00000000c1f00000| Untracked 
|   8|0x00000000c2000000, 0x00000000c2000000, 0x00000000c2100000|  0%| F|  |TAMS 0x00000000c2000000, 0x00000000c2000000| Untracked 
|   9|0x00000000c2100000, 0x00000000c2100000, 0x00000000c2200000|  0%| F|  |TAMS 0x00000000c2100000, 0x00000000c2100000| Untracked 
|  10|0x00000000c2200000, 0x00000000c2200000, 0x00000000c2300000|  0%| F|  |TAMS 0x00000000c2200000, 0x00000000c2200000| Untracked 
|  11|0x00000000c2300000, 0x00000000c2300000, 0x00000000c2400000|  0%| F|  |TAMS 0x00000000c2300000, 0x00000000c2300000| Untracked 
|  12|0x00000000c2400000, 0x00000000c2400000, 0x00000000c2500000|  0%| F|  |TAMS 0x00000000c2400000, 0x00000000c2400000| Untracked 
|  13|0x00000000c2500000, 0x00000000c2500000, 0x00000000c2600000|  0%| F|  |TAMS 0x00000000c2500000, 0x00000000c2500000| Untracked 
|  14|0x00000000c2600000, 0x00000000c2600000, 0x00000000c2700000|  0%| F|  |TAMS 0x00000000c2600000, 0x00000000c2600000| Untracked 
|  15|0x00000000c2700000, 0x00000000c2700000, 0x00000000c2800000|  0%| F|  |TAMS 0x00000000c2700000, 0x00000000c2700000| Untracked 
|  16|0x00000000c2800000, 0x00000000c2800000, 0x00000000c2900000|  0%| F|  |TAMS 0x00000000c2800000, 0x00000000c2800000| Untracked 
|  17|0x00000000c2900000, 0x00000000c2900000, 0x00000000c2a00000|  0%| F|  |TAMS 0x00000000c2900000, 0x00000000c2900000| Untracked 
|  18|0x00000000c2a00000, 0x00000000c2a00000, 0x00000000c2b00000|  0%| F|  |TAMS 0x00000000c2a00000, 0x00000000c2a00000| Untracked 
|  19|0x00000000c2b00000, 0x00000000c2b00000, 0x00000000c2c00000|  0%| F|  |TAMS 0x00000000c2b00000, 0x00000000c2b00000| Untracked 
|  20|0x00000000c2c00000, 0x00000000c2c00000, 0x00000000c2d00000|  0%| F|  |TAMS 0x00000000c2c00000, 0x00000000c2c00000| Untracked 
|  21|0x00000000c2d00000, 0x00000000c2d00000, 0x00000000c2e00000|  0%| F|  |TAMS 0x00000000c2d00000, 0x00000000c2d00000| Untracked 
|  22|0x00000000c2e00000, 0x00000000c2e00000, 0x00000000c2f00000|  0%| F|  |TAMS 0x00000000c2e00000, 0x00000000c2e00000| Untracked 
|  23|0x00000000c2f00000, 0x00000000c2f00000, 0x00000000c3000000|  0%| F|  |TAMS 0x00000000c2f00000, 0x00000000c2f00000| Untracked 
|  24|0x00000000c3000000, 0x00000000c3000000, 0x00000000c3100000|  0%| F|  |TAMS 0x00000000c3000000, 0x00000000c3000000| Untracked 
|  25|0x00000000c3100000, 0x00000000c3100000, 0x00000000c3200000|  0%| F|  |TAMS 0x00000000c3100000, 0x00000000c3100000| Untracked 
|  26|0x00000000c3200000, 0x00000000c3200000, 0x00000000c3300000|  0%| F|  |TAMS 0x00000000c3200000, 0x00000000c3200000| Untracked 
|  27|0x00000000c3300000, 0x00000000c3300000, 0x00000000c3400000|  0%| F|  |TAMS 0x00000000c3300000, 0x00000000c3300000| Untracked 
|  28|0x00000000c3400000, 0x00000000c3400000, 0x00000000c3500000|  0%| F|  |TAMS 0x00000000c3400000, 0x00000000c3400000| Untracked 
|  29|0x00000000c3500000, 0x00000000c3500000, 0x00000000c3600000|  0%| F|  |TAMS 0x00000000c3500000, 0x00000000c3500000| Untracked 
|  30|0x00000000c3600000, 0x00000000c3600000, 0x00000000c3700000|  0%| F|  |TAMS 0x00000000c3600000, 0x00000000c3600000| Untracked 
|  31|0x00000000c3700000, 0x00000000c3700000, 0x00000000c3800000|  0%| F|  |TAMS 0x00000000c3700000, 0x00000000c3700000| Untracked 
|  32|0x00000000c3800000, 0x00000000c3800000, 0x00000000c3900000|  0%| F|  |TAMS 0x00000000c3800000, 0x00000000c3800000| Untracked 
|  33|0x00000000c3900000, 0x00000000c3900000, 0x00000000c3a00000|  0%| F|  |TAMS 0x00000000c3900000, 0x00000000c3900000| Untracked 
|  34|0x00000000c3a00000, 0x00000000c3a00000, 0x00000000c3b00000|  0%| F|  |TAMS 0x00000000c3a00000, 0x00000000c3a00000| Untracked 
|  35|0x00000000c3b00000, 0x00000000c3b00000, 0x00000000c3c00000|  0%| F|  |TAMS 0x00000000c3b00000, 0x00000000c3b00000| Untracked 
|  36|0x00000000c3c00000, 0x00000000c3c00000, 0x00000000c3d00000|  0%| F|  |TAMS 0x00000000c3c00000, 0x00000000c3c00000| Untracked 
|  37|0x00000000c3d00000, 0x00000000c3d00000, 0x00000000c3e00000|  0%| F|  |TAMS 0x00000000c3d00000, 0x00000000c3d00000| Untracked 
|  38|0x00000000c3e00000, 0x00000000c3e00000, 0x00000000c3f00000|  0%| F|  |TAMS 0x00000000c3e00000, 0x00000000c3e00000| Untracked 
|  39|0x00000000c3f00000, 0x00000000c3f00000, 0x00000000c4000000|  0%| F|  |TAMS 0x00000000c3f00000, 0x00000000c3f00000| Untracked 
|  40|0x00000000c4000000, 0x00000000c4000000, 0x00000000c4100000|  0%| F|  |TAMS 0x00000000c4000000, 0x00000000c4000000| Untracked 
|  41|0x00000000c4100000, 0x00000000c4100000, 0x00000000c4200000|  0%| F|  |TAMS 0x00000000c4100000, 0x00000000c4100000| Untracked 
|  42|0x00000000c4200000, 0x00000000c4200000, 0x00000000c4300000|  0%| F|  |TAMS 0x00000000c4200000, 0x00000000c4200000| Untracked 
|  43|0x00000000c4300000, 0x00000000c4300000, 0x00000000c4400000|  0%| F|  |TAMS 0x00000000c4300000, 0x00000000c4300000| Untracked 
|  44|0x00000000c4400000, 0x00000000c4400000, 0x00000000c4500000|  0%| F|  |TAMS 0x00000000c4400000, 0x00000000c4400000| Untracked 
|  45|0x00000000c4500000, 0x00000000c4500000, 0x00000000c4600000|  0%| F|  |TAMS 0x00000000c4500000, 0x00000000c4500000| Untracked 
|  46|0x00000000c4600000, 0x00000000c4600000, 0x00000000c4700000|  0%| F|  |TAMS 0x00000000c4600000, 0x00000000c4600000| Untracked 
|  47|0x00000000c4700000, 0x00000000c4700000, 0x00000000c4800000|  0%| F|  |TAMS 0x00000000c4700000, 0x00000000c4700000| Untracked 
|  48|0x00000000c4800000, 0x00000000c4800000, 0x00000000c4900000|  0%| F|  |TAMS 0x00000000c4800000, 0x00000000c4800000| Untracked 
|  49|0x00000000c4900000, 0x00000000c4900000, 0x00000000c4a00000|  0%| F|  |TAMS 0x00000000c4900000, 0x00000000c4900000| Untracked 
|  50|0x00000000c4a00000, 0x00000000c4a00000, 0x00000000c4b00000|  0%| F|  |TAMS 0x00000000c4a00000, 0x00000000c4a00000| Untracked 
|  51|0x00000000c4b00000, 0x00000000c4b00000, 0x00000000c4c00000|  0%| F|  |TAMS 0x00000000c4b00000, 0x00000000c4b00000| Untracked 
|  52|0x00000000c4c00000, 0x00000000c4c00000, 0x00000000c4d00000|  0%| F|  |TAMS 0x00000000c4c00000, 0x00000000c4c00000| Untracked 
|  53|0x00000000c4d00000, 0x00000000c4d00000, 0x00000000c4e00000|  0%| F|  |TAMS 0x00000000c4d00000, 0x00000000c4d00000| Untracked 
|  54|0x00000000c4e00000, 0x00000000c4e00000, 0x00000000c4f00000|  0%| F|  |TAMS 0x00000000c4e00000, 0x00000000c4e00000| Untracked 
|  55|0x00000000c4f00000, 0x00000000c4f00000, 0x00000000c5000000|  0%| F|  |TAMS 0x00000000c4f00000, 0x00000000c4f00000| Untracked 
|  56|0x00000000c5000000, 0x00000000c5000000, 0x00000000c5100000|  0%| F|  |TAMS 0x00000000c5000000, 0x00000000c5000000| Untracked 
|  57|0x00000000c5100000, 0x00000000c5100000, 0x00000000c5200000|  0%| F|  |TAMS 0x00000000c5100000, 0x00000000c5100000| Untracked 
|  58|0x00000000c5200000, 0x00000000c5200000, 0x00000000c5300000|  0%| F|  |TAMS 0x00000000c5200000, 0x00000000c5200000| Untracked 
|  59|0x00000000c5300000, 0x00000000c5300000, 0x00000000c5400000|  0%| F|  |TAMS 0x00000000c5300000, 0x00000000c5300000| Untracked 
|  60|0x00000000c5400000, 0x00000000c5400000, 0x00000000c5500000|  0%| F|  |TAMS 0x00000000c5400000, 0x00000000c5400000| Untracked 
|  61|0x00000000c5500000, 0x00000000c5500000, 0x00000000c5600000|  0%| F|  |TAMS 0x00000000c5500000, 0x00000000c5500000| Untracked 
|  62|0x00000000c5600000, 0x00000000c5643110, 0x00000000c5700000| 26%| E|  |TAMS 0x00000000c5600000, 0x00000000c5600000| Complete 
|  63|0x00000000c5700000, 0x00000000c5800000, 0x00000000c5800000|100%| E|CS|TAMS 0x00000000c5700000, 0x00000000c5700000| Complete 

Card table byte_map: [0x000001f1763f0000,0x000001f1765f0000] _byte_map_base: 0x000001f175de4000

Marking Bits (Prev, Next): (CMBitMap*) 0x000001f16eaef500, (CMBitMap*) 0x000001f16eaef540
 Prev Bits: [0x000001f1767f0000, 0x000001f177790000)
 Next Bits: [0x000001f177790000, 0x000001f178730000)

Polling page: 0x000001f16c870000

Metaspace:

Usage:
  Non-class:    135.27 KB used.
      Class:      4.00 KB used.
       Both:    139.27 KB used.

Virtual space:
  Non-class space:       64.00 MB reserved,     256.00 KB ( <1%) committed,  1 nodes.
      Class space:        1.00 GB reserved,      64.00 KB ( <1%) committed,  1 nodes.
             Both:        1.06 GB reserved,     320.00 KB ( <1%) committed. 

Chunk freelists:
   Non-Class:  3.99 MB
       Class:  3.75 MB
        Both:  7.74 MB

MaxMetaspaceSize: unlimited
CompressedClassSpaceSize: 1.00 GB
Initial GC threshold: 21.00 MB
Current GC threshold: 21.00 MB
CDS: on
MetaspaceReclaimPolicy: balanced
 - commit_granule_bytes: 65536.
 - commit_granule_words: 8192.
 - virtual_space_node_default_size: 8388608.
 - enlarge_chunks_in_place: 1.
 - new_chunks_are_fully_committed: 0.
 - uncommit_free_chunks: 1.
 - use_allocation_guard: 0.


Internal statistics:

num_allocs_failed_limit: 0.
num_arena_births: 4.
num_arena_deaths: 0.
num_vsnodes_births: 2.
num_vsnodes_deaths: 0.
num_space_committed: 5.
num_space_uncommitted: 0.
num_chunks_returned_to_freelist: 0.
num_chunks_taken_from_freelist: 4.
num_chunk_merges: 0.
num_chunk_splits: 2.
num_chunks_enlarged: 1.
num_inconsistent_stats: 0.

CodeHeap 'non-profiled nmethods': size=120000Kb used=14Kb max_used=14Kb free=119985Kb
 bounds [0x000001f107ad0000, 0x000001f107d40000, 0x000001f10f000000]
CodeHeap 'profiled nmethods': size=120000Kb used=99Kb max_used=99Kb free=119900Kb
 bounds [0x000001f1005a0000, 0x000001f100810000, 0x000001f107ad0000]
CodeHeap 'non-nmethods': size=5760Kb used=1042Kb max_used=1053Kb free=4717Kb
 bounds [0x000001f100000000, 0x000001f100270000, 0x000001f1005a0000]
 total_blobs=363 nmethods=74 adapters=203
 compilation: enabled
              stopped_count=0, restarted_count=0
 full_count=0

Compilation events (20 events):
Event: 0.818 Thread 0x000001f17ace1a70   65       3       java.util.ImmutableCollections$SetN::isEmpty (13 bytes)
Event: 0.819 Thread 0x000001f17ace1a70 nmethod 65 0x000001f1005b5a10 code [0x000001f1005b5ba0, 0x000001f1005b5d18]
Event: 0.819 Thread 0x000001f17ace1a70   66       3       java.util.AbstractMap::<init> (5 bytes)
Event: 0.820 Thread 0x000001f17ace1a70 nmethod 66 0x000001f1005b5d90 code [0x000001f1005b5f20, 0x000001f1005b6078]
Event: 0.820 Thread 0x000001f17ace1a70   67       3       java.util.ImmutableCollections$Set12::iterator (9 bytes)
Event: 0.820 Thread 0x000001f17ace1a70 nmethod 67 0x000001f1005b6110 code [0x000001f1005b62c0, 0x000001f1005b65b8]
Event: 0.822 Thread 0x000001f17ace1a70   68       1       java.lang.module.ModuleDescriptor$Exports::targets (5 bytes)
Event: 0.822 Thread 0x000001f17ace1a70 nmethod 68 0x000001f107ad3110 code [0x000001f107ad32a0, 0x000001f107ad3378]
Event: 0.822 Thread 0x000001f17ace1a70   69       1       java.lang.module.ResolvedModule::configuration (5 bytes)
Event: 0.823 Thread 0x000001f17ace1a70 nmethod 69 0x000001f107ad3410 code [0x000001f107ad35a0, 0x000001f107ad3678]
Event: 0.824 Thread 0x000001f17ace1a70   70       3       java.util.HashMap::<init> (11 bytes)
Event: 0.824 Thread 0x000001f17ace1a70 nmethod 70 0x000001f1005b6690 code [0x000001f1005b6840, 0x000001f1005b6a18]
Event: 0.826 Thread 0x000001f17ace1a70   71       3       java.util.HashMap::resize (356 bytes)
Event: 0.829 Thread 0x000001f17ace1a70 nmethod 71 0x000001f1005b6b10 code [0x000001f1005b6dc0, 0x000001f1005b82a8]
Event: 0.845 Thread 0x000001f17ace1a70   72       1       java.util.ImmutableCollections$Set12::isEmpty (2 bytes)
Event: 0.845 Thread 0x000001f17ace1a70 nmethod 72 0x000001f107ad3710 code [0x000001f107ad38a0, 0x000001f107ad3978]
Event: 0.867 Thread 0x000001f17ace1a70   73       3       java.lang.String::isEmpty (14 bytes)
Event: 0.867 Thread 0x000001f17ace1a70 nmethod 73 0x000001f1005b8710 code [0x000001f1005b88a0, 0x000001f1005b8a18]
Event: 0.876 Thread 0x000001f17ace1a70   74       3       java.lang.String::isLatin1 (19 bytes)
Event: 0.876 Thread 0x000001f17ace1a70 nmethod 74 0x000001f1005b8b10 code [0x000001f1005b8ca0, 0x000001f1005b8e18]

GC Heap History (0 events):
No events

Deoptimization events (0 events):
No events

Classes loaded (8 events):
Event: 0.864 Loading class jdk/internal/loader/URLClassPath$FileLoader
Event: 0.865 Loading class jdk/internal/loader/URLClassPath$FileLoader done
Event: 0.867 Loading class jdk/internal/loader/URLClassPath$FileLoader$1
Event: 0.868 Loading class jdk/internal/loader/URLClassPath$FileLoader$1 done
Event: 0.880 Loading class java/awt/event/ActionListener
Event: 0.880 Loading class java/util/EventListener
Event: 0.881 Loading class java/util/EventListener done
Event: 0.881 Loading class java/awt/event/ActionListener done

Classes unloaded (0 events):
No events

Classes redefined (0 events):
No events

Internal exceptions (0 events):
No events

VM Operations (0 events):
No events

Events (14 events):
Event: 0.169 Loaded shared library C:\Application\bin\java.dll
Event: 0.394 Loaded shared library C:\Application\bin\jsvml.dll
Event: 0.396 Thread 0x000001f16eaad750 Thread added: 0x000001f16eaad750
Event: 0.450 Thread 0x000001f17ac57110 Thread added: 0x000001f17ac57110
Event: 0.452 Thread 0x000001f17ac58920 Thread added: 0x000001f17ac58920
Event: 0.528 Thread 0x000001f17ac71820 Thread added: 0x000001f17ac71820
Event: 0.528 Thread 0x000001f17ac730e0 Thread added: 0x000001f17ac730e0
Event: 0.529 Thread 0x000001f17ac73990 Thread added: 0x000001f17ac73990
Event: 0.529 Thread 0x000001f17ac74240 Thread added: 0x000001f17ac74240
Event: 0.530 Thread 0x000001f17ac74e20 Thread added: 0x000001f17ac74e20
Event: 0.552 Thread 0x000001f17ace1a70 Thread added: 0x000001f17ace1a70
Event: 0.557 Thread 0x000001f17ace6730 Thread added: 0x000001f17ace6730
Event: 0.858 Thread 0x000001f17f039f10 Thread added: 0x000001f17f039f10
Event: 0.874 Thread 0x000001f17f040c10 Thread added: 0x000001f17f040c10


Dynamic libraries:
0x00007ff64e5e0000 - 0x00007ff64e5f0000 	C:\Application\bin\javaw.exe
0x00007ffcc2490000 - 0x00007ffcc2688000 	C:\WINDOWS\SYSTEM32\ntdll.dll
0x00007ffcc12f0000 - 0x00007ffcc13ad000 	C:\WINDOWS\System32\KERNEL32.DLL
0x00007ffcc0210000 - 0x00007ffcc04e2000 	C:\WINDOWS\System32\KERNELBASE.dll
0x00007ffcc0110000 - 0x00007ffcc0210000 	C:\WINDOWS\System32\ucrtbase.dll
0x00007ffcae8b0000 - 0x00007ffcae8c8000 	C:\Application\bin\jli.dll
0x00007ffcc0a00000 - 0x00007ffcc0aae000 	C:\WINDOWS\System32\ADVAPI32.dll
0x00007ffcc0fe0000 - 0x00007ffcc107e000 	C:\WINDOWS\System32\msvcrt.dll
0x00007ffcaf740000 - 0x00007ffcaf75a000 	C:\Application\bin\VCRUNTIME140.dll
0x00007ffcc05f0000 - 0x00007ffcc068c000 	C:\WINDOWS\System32\sechost.dll
0x00007ffcc0c60000 - 0x00007ffcc0d85000 	C:\WINDOWS\System32\RPCRT4.dll
0x00007ffcc0e40000 - 0x00007ffcc0fdd000 	C:\WINDOWS\System32\USER32.dll
0x00007ffcbfce0000 - 0x00007ffcbfd02000 	C:\WINDOWS\System32\win32u.dll
0x00007ffcc1420000 - 0x00007ffcc144b000 	C:\WINDOWS\System32\GDI32.dll
0x00007ffcbff40000 - 0x00007ffcc004f000 	C:\WINDOWS\System32\gdi32full.dll
0x00007ffcbfd10000 - 0x00007ffcbfdad000 	C:\WINDOWS\System32\msvcp_win.dll
0x00007ffcae5e0000 - 0x00007ffcae87a000 	C:\WINDOWS\WinSxS\amd64_microsoft.windows.common-controls_6595b64144ccf1df_6.0.19041.1110_none_60b5254171f9507e\COMCTL32.dll
0x00007ffcb00b0000 - 0x00007ffcb00ba000 	C:\WINDOWS\SYSTEM32\VERSION.dll
0x00007ffcc0500000 - 0x00007ffcc0530000 	C:\WINDOWS\System32\IMM32.DLL
0x00007ffcb84a0000 - 0x00007ffcb84ac000 	C:\Application\bin\vcruntime140_1.dll
0x00007ffca7890000 - 0x00007ffca791d000 	C:\Application\bin\msvcp140.dll
0x00007ffc76000000 - 0x00007ffc76c11000 	C:\Application\bin\server\jvm.dll
0x00007ffcc04f0000 - 0x00007ffcc04f8000 	C:\WINDOWS\System32\PSAPI.DLL
0x00007ffcb7f10000 - 0x00007ffcb7f19000 	C:\WINDOWS\SYSTEM32\WSOCK32.dll
0x00007ffcc13b0000 - 0x00007ffcc141b000 	C:\WINDOWS\System32\WS2_32.dll
0x00007ffca22a0000 - 0x00007ffca22c7000 	C:\WINDOWS\SYSTEM32\WINMM.dll
0x00007ffcbda60000 - 0x00007ffcbda72000 	C:\WINDOWS\SYSTEM32\kernel.appcore.dll
0x00007ffcb5ef0000 - 0x00007ffcb5efa000 	C:\Application\bin\jimage.dll
0x00007ffcabff0000 - 0x00007ffcac1d4000 	C:\WINDOWS\SYSTEM32\DBGHELP.DLL
0x00007ffcacaf0000 - 0x00007ffcacb1c000 	C:\WINDOWS\SYSTEM32\dbgcore.DLL
0x00007ffcbfba0000 - 0x00007ffcbfc22000 	C:\WINDOWS\System32\bcryptPrimitives.dll
0x00007ffc75fb0000 - 0x00007ffc75fd5000 	C:\Application\bin\java.dll
0x00007ffc75c30000 - 0x00007ffc75d06000 	C:\Application\bin\jsvml.dll
0x00007ffcc18c0000 - 0x00007ffcc2003000 	C:\WINDOWS\System32\SHELL32.dll
0x00007ffcbdc60000 - 0x00007ffcbe3f1000 	C:\WINDOWS\SYSTEM32\windows.storage.dll
0x00007ffcc2070000 - 0x00007ffcc23c4000 	C:\WINDOWS\System32\combase.dll
0x00007ffcbf520000 - 0x00007ffcbf550000 	C:\WINDOWS\SYSTEM32\Wldp.dll
0x00007ffcc0530000 - 0x00007ffcc05dd000 	C:\WINDOWS\System32\SHCORE.dll
0x00007ffcc1290000 - 0x00007ffcc12e5000 	C:\WINDOWS\System32\shlwapi.dll
0x00007ffcbfae0000 - 0x00007ffcbfaff000 	C:\WINDOWS\SYSTEM32\profapi.dll

dbghelp: loaded successfully - version: 4.0.5 - missing functions: none
symbol engine: initialized successfully - sym options: 0x614 - pdb path: .;C:\Application\bin;C:\WINDOWS\SYSTEM32;C:\WINDOWS\WinSxS\amd64_microsoft.windows.common-controls_6595b64144ccf1df_6.0.19041.1110_none_60b5254171f9507e;C:\Application\bin\server

VM Arguments:
jvm_args: -Dfile.encoding=UTF-8 -XX:+ShowCodeDetailsInExceptionMessages 
java_command: Cal
java_class_path (initial): E:\JAVA
Launcher Type: SUN_STANDARD

[Global flags]
     intx CICompilerCount                          = 3                                         {product} {ergonomic}
     uint ConcGCThreads                            = 1                                         {product} {ergonomic}
     uint G1ConcRefinementThreads                  = 4                                         {product} {ergonomic}
   size_t G1HeapRegionSize                         = 1048576                                   {product} {ergonomic}
    uintx GCDrainStackTargetSize                   = 64                                        {product} {ergonomic}
   size_t InitialHeapSize                          = 67108864                                  {product} {ergonomic}
   size_t MarkStackSize                            = 4194304                                   {product} {ergonomic}
   size_t MaxHeapSize                              = 1048576000                                {product} {ergonomic}
   size_t MaxNewSize                               = 629145600                                 {product} {ergonomic}
   size_t MinHeapDeltaBytes                        = 1048576                                   {product} {ergonomic}
   size_t MinHeapSize                              = 8388608                                   {product} {ergonomic}
    uintx NonNMethodCodeHeapSize                   = 5832780                                {pd product} {ergonomic}
    uintx NonProfiledCodeHeapSize                  = 122912730                              {pd product} {ergonomic}
    uintx ProfiledCodeHeapSize                     = 122912730                              {pd product} {ergonomic}
    uintx ReservedCodeCacheSize                    = 251658240                              {pd product} {ergonomic}
     bool SegmentedCodeCache                       = true                                      {product} {ergonomic}
     bool ShowCodeDetailsInExceptionMessages       = true                                   {manageable} {command line}
   size_t SoftMaxHeapSize                          = 1048576000                             {manageable} {ergonomic}
     bool UseCompressedClassPointers               = true                           {product lp64_product} {ergonomic}
     bool UseCompressedOops                        = true                           {product lp64_product} {ergonomic}
     bool UseG1GC                                  = true                                      {product} {ergonomic}
     bool UseLargePagesIndividualAllocation        = false                                  {pd product} {ergonomic}

Logging:
Log output configuration:
 #0: stdout all=warning uptime,level,tags foldmultilines=false
 #1: stderr all=off uptime,level,tags foldmultilines=false

Environment Variables:
JAVA_HOME=C:\Application
PATH=C:/Application/bin/server;C:/Application/bin;C:\Program Files\Common Files\Oracle\Java\javapath;C:\WINDOWS\system32;C:\WINDOWS;C:\WINDOWS\System32\Wbem;C:\WINDOWS\System32\WindowsPowerShell\v1.0\;C:\WINDOWS\System32\OpenSSH\;C:\Application\bin;C:\Users\Ronnie\AppData\Local\Microsoft\WindowsApps;;C:\Users\Ronnie\Desktop;
USERNAME=Ronnie
OS=Windows_NT
PROCESSOR_IDENTIFIER=Intel64 Family 6 Model 76 Stepping 4, GenuineIntel



---------------  S Y S T E M  ---------------

OS:
 Windows 10 , 64 bit Build 19041 (10.0.19041.1889)
OS uptime: 0 days 8:35 hours

CPU: total 4 (initial active 4) (4 cores per cpu, 1 threads per core) family 6 model 76 stepping 4 microcode 0x411, cx8, cmov, fxsr, mmx, 3dnowpref, sse, sse2, sse3, ssse3, sse4.1, sse4.2, popcnt, tsc, tscinvbit, aes, erms, clmul, clflush

Memory: 4k page, system-wide physical 3994M (770M free)
TotalPageFile size 16282M (AvailPageFile size 1M)
current process WorkingSet (physical memory assigned to process): 25M, peak: 25M
current process commit charge ("private bytes"): 134M, peak: 134M

vm_info: Java HotSpot(TM) 64-Bit Server VM (18.0.2.1+1-1) for windows-amd64 JRE (18.0.2.1+1-1), built on Aug 16 2022 01:46:33 by "mach5one" with MS VC++ 16.8 / 16.9 (VS2019)

END.
